25/08/27 08:01:52 PM : INFO :  ******* Test_001_Login *******
25/08/27 08:01:52 PM : INFO :  ******* verifying home page title *******
25/08/27 08:01:59 PM : INFO :  ******* home page title is failed *******
25/08/27 08:02:02 PM : INFO :  ******* verify login test *******
25/08/27 08:02:10 PM : INFO :  ******* home page title is failed*******
25/08/27 08:04:04 PM : INFO :  ******* Test_001_Login *******
25/08/27 08:04:04 PM : INFO :  ******* verifying home page title *******
25/08/27 08:04:09 PM : INFO :  ******* home page title is passed *******
25/08/27 08:04:12 PM : INFO :  ******* verify login test *******
25/08/27 08:05:49 PM : INFO :  ******* login test is passed *******
25/09/01 05:27:43 PM : INFO :  ******* Test_001_Login *******
25/09/01 05:27:43 PM : INFO :  ******* verifying home page title *******
25/09/01 05:27:44 PM : INFO :  ******* home page title is passed *******
25/09/01 05:27:48 PM : INFO :  ******* verify login test *******
25/09/01 05:28:13 PM : INFO :  ******* login test is passed *******
25/09/01 05:29:25 PM : INFO :  ******* Test_001_Login *******
25/09/01 05:29:25 PM : INFO :  ******* verifying home page title *******
25/09/01 05:29:28 PM : INFO :  ******* home page title is failed *******
25/09/01 05:29:31 PM : INFO :  ******* verify login test *******
25/09/01 05:29:48 PM : INFO :  ******* login test is passed *******
25/09/01 05:30:30 PM : INFO :  ******* Test_001_Login *******
25/09/01 05:30:30 PM : INFO :  ******* verifying home page title *******
25/09/01 05:30:32 PM : INFO :  ******* home page title is failed *******
25/09/01 05:30:35 PM : INFO :  ******* verify login test *******
25/09/01 05:30:39 PM : INFO :  ******* login test is passed *******
25/09/01 05:32:01 PM : INFO :  ******* Test_001_Login *******
25/09/01 05:32:01 PM : INFO :  ******* verifying home page title *******
25/09/01 05:32:06 PM : INFO :  ******* home page title is failed *******
25/09/01 05:32:09 PM : INFO :  ******* verify login test *******
25/09/01 05:32:20 PM : INFO :  ******* login test is passed *******
25/09/01 05:48:50 PM : INFO :  ******* Test_001_Login *******
25/09/01 05:48:50 PM : INFO :  ******* verifying home page title *******
25/09/01 05:48:57 PM : INFO :  ******* verify login test *******
25/09/01 05:50:20 PM : INFO :  ******* login test is passed *******
